# Logfile created on 2017-11-26 14:41:06 -0500 by logger.rb/56815
  INFO ---------------------------------------------------------------------------
  INFO START 2017-11-26 14:41:06 -0500 cap production deploy
  INFO ---------------------------------------------------------------------------
 DEBUG [d39562a4] Running [ -d $HOME/.rbenv/versions/2.4.2 ] as deploy@96.126.107.94
 DEBUG [d39562a4] Command: [ -d $HOME/.rbenv/versions/2.4.2 ]
 DEBUG [d39562a4] Finished in 0.521 seconds with exit status 0 (successful).
  INFO [26ffda7f] Running /usr/bin/env mkdir -p /tmp as deploy@96.126.107.94
 DEBUG [26ffda7f] Command: ( export RBENV_ROOT="$HOME/.rbenv" RBENV_VERSION="2.4.2" ; /usr/bin/env mkdir -p /tmp )
  INFO [26ffda7f] Finished in 0.116 seconds with exit status 0 (successful).
 DEBUG Uploading /tmp/git-ssh-thenewspanel.com-production-Cheikhndiongue.sh 0.0%
  INFO Uploading /tmp/git-ssh-thenewspanel.com-production-Cheikhndiongue.sh 100.0%
  INFO [f9176b24] Running /usr/bin/env chmod 700 /tmp/git-ssh-thenewspanel.com-production-Cheikhndiongue.sh as deploy@96.126.107.94
 DEBUG [f9176b24] Command: ( export RBENV_ROOT="$HOME/.rbenv" RBENV_VERSION="2.4.2" ; /usr/bin/env chmod 700 /tmp/git-ssh-thenewspanel.com-production-Cheikhndiongue.sh )
  INFO [f9176b24] Finished in 0.111 seconds with exit status 0 (successful).
  INFO [d4de6def] Running /usr/bin/env git ls-remote git@github.com:TheDevsTeam/thenewspanel.com.git HEAD as deploy@96.126.107.94
 DEBUG [d4de6def] Command: ( export RBENV_ROOT="$HOME/.rbenv" RBENV_VERSION="2.4.2" GIT_ASKPASS="/bin/echo" GIT_SSH="/tmp/git-ssh-thenewspanel.com-production-Cheikhndiongue.sh" ; /usr/bin/env git ls-remote git@github.com:TheDevsTeam/thenewspanel.com.git HEAD )
 DEBUG [d4de6def] 	6f2d9fcf1f79a5835d2c2e86a31d499064ab44b9	HEAD
  INFO [d4de6def] Finished in 0.459 seconds with exit status 0 (successful).
  INFO [9dab6479] Running /usr/bin/env mkdir -p /home/deploy/thenewspanel.com/shared /home/deploy/thenewspanel.com/releases as deploy@96.126.107.94
 DEBUG [9dab6479] Command: ( export RBENV_ROOT="$HOME/.rbenv" RBENV_VERSION="2.4.2" ; /usr/bin/env mkdir -p /home/deploy/thenewspanel.com/shared /home/deploy/thenewspanel.com/releases )
  INFO [9dab6479] Finished in 0.085 seconds with exit status 0 (successful).
  INFO [e473f132] Running /usr/bin/env mkdir -p /home/deploy/thenewspanel.com/shared/public/assets as deploy@96.126.107.94
 DEBUG [e473f132] Command: ( export RBENV_ROOT="$HOME/.rbenv" RBENV_VERSION="2.4.2" ; /usr/bin/env mkdir -p /home/deploy/thenewspanel.com/shared/public/assets )
  INFO [e473f132] Finished in 0.110 seconds with exit status 0 (successful).
 DEBUG [4f14a3fd] Running [ -f /home/deploy/thenewspanel.com/current/REVISION ] as deploy@96.126.107.94
 DEBUG [4f14a3fd] Command: [ -f /home/deploy/thenewspanel.com/current/REVISION ]
 DEBUG [4f14a3fd] Finished in 0.109 seconds with exit status 1 (failed).
 DEBUG [17dbd159] Running [ -f /home/deploy/thenewspanel.com/repo/HEAD ] as deploy@96.126.107.94
 DEBUG [17dbd159] Command: [ -f /home/deploy/thenewspanel.com/repo/HEAD ]
 DEBUG [17dbd159] Finished in 0.108 seconds with exit status 1 (failed).
 DEBUG [c903ef39] Running if test ! -d /home/deploy/thenewspanel.com; then echo "Directory does not exist '/home/deploy/thenewspanel.com'" 1>&2; false; fi as deploy@96.126.107.94
 DEBUG [c903ef39] Command: if test ! -d /home/deploy/thenewspanel.com; then echo "Directory does not exist '/home/deploy/thenewspanel.com'" 1>&2; false; fi
 DEBUG [c903ef39] Finished in 0.124 seconds with exit status 0 (successful).
  INFO [8598ecc9] Running /usr/bin/env git clone --mirror git@github.com:TheDevsTeam/thenewspanel.com.git /home/deploy/thenewspanel.com/repo as deploy@96.126.107.94
 DEBUG [8598ecc9] Command: cd /home/deploy/thenewspanel.com && ( export RBENV_ROOT="$HOME/.rbenv" RBENV_VERSION="2.4.2" GIT_ASKPASS="/bin/echo" GIT_SSH="/tmp/git-ssh-thenewspanel.com-production-Cheikhndiongue.sh" ; /usr/bin/env git clone --mirror git@github.com:TheDevsTeam/thenewspanel.com.git /home/deploy/thenewspanel.com/repo )
 DEBUG [8598ecc9] 	Cloning into bare repository '/home/deploy/thenewspanel.com/repo'...
  INFO [8598ecc9] Finished in 0.537 seconds with exit status 0 (successful).
 DEBUG [c04dfb54] Running if test ! -d /home/deploy/thenewspanel.com/repo; then echo "Directory does not exist '/home/deploy/thenewspanel.com/repo'" 1>&2; false; fi as deploy@96.126.107.94
 DEBUG [c04dfb54] Command: if test ! -d /home/deploy/thenewspanel.com/repo; then echo "Directory does not exist '/home/deploy/thenewspanel.com/repo'" 1>&2; false; fi
 DEBUG [c04dfb54] Finished in 0.065 seconds with exit status 0 (successful).
  INFO [f539ef35] Running /usr/bin/env git remote set-url origin git@github.com:TheDevsTeam/thenewspanel.com.git as deploy@96.126.107.94
 DEBUG [f539ef35] Command: cd /home/deploy/thenewspanel.com/repo && ( export RBENV_ROOT="$HOME/.rbenv" RBENV_VERSION="2.4.2" GIT_ASKPASS="/bin/echo" GIT_SSH="/tmp/git-ssh-thenewspanel.com-production-Cheikhndiongue.sh" ; /usr/bin/env git remote set-url origin git@github.com:TheDevsTeam/thenewspanel.com.git )
  INFO [f539ef35] Finished in 0.116 seconds with exit status 0 (successful).
  INFO [c7a4ce50] Running /usr/bin/env git remote update --prune as deploy@96.126.107.94
 DEBUG [c7a4ce50] Command: cd /home/deploy/thenewspanel.com/repo && ( export RBENV_ROOT="$HOME/.rbenv" RBENV_VERSION="2.4.2" GIT_ASKPASS="/bin/echo" GIT_SSH="/tmp/git-ssh-thenewspanel.com-production-Cheikhndiongue.sh" ; /usr/bin/env git remote update --prune )
 DEBUG [c7a4ce50] 	Fetching origin
  INFO [c7a4ce50] Finished in 0.442 seconds with exit status 0 (successful).
 DEBUG [a142920d] Running if test ! -d /home/deploy/thenewspanel.com/repo; then echo "Directory does not exist '/home/deploy/thenewspanel.com/repo'" 1>&2; false; fi as deploy@96.126.107.94
 DEBUG [a142920d] Command: if test ! -d /home/deploy/thenewspanel.com/repo; then echo "Directory does not exist '/home/deploy/thenewspanel.com/repo'" 1>&2; false; fi
 DEBUG [a142920d] Finished in 0.065 seconds with exit status 0 (successful).
  INFO [3f933f05] Running /usr/bin/env mkdir -p /home/deploy/thenewspanel.com/releases/20171126194108 as deploy@96.126.107.94
 DEBUG [3f933f05] Command: cd /home/deploy/thenewspanel.com/repo && ( export RBENV_ROOT="$HOME/.rbenv" RBENV_VERSION="2.4.2" GIT_ASKPASS="/bin/echo" GIT_SSH="/tmp/git-ssh-thenewspanel.com-production-Cheikhndiongue.sh" ; /usr/bin/env mkdir -p /home/deploy/thenewspanel.com/releases/20171126194108 )
  INFO [3f933f05] Finished in 0.112 seconds with exit status 0 (successful).
  INFO [ab626031] Running /usr/bin/env git archive master | /usr/bin/env tar -x -f - -C /home/deploy/thenewspanel.com/releases/20171126194108 as deploy@96.126.107.94
 DEBUG [ab626031] Command: cd /home/deploy/thenewspanel.com/repo && ( export RBENV_ROOT="$HOME/.rbenv" RBENV_VERSION="2.4.2" GIT_ASKPASS="/bin/echo" GIT_SSH="/tmp/git-ssh-thenewspanel.com-production-Cheikhndiongue.sh" ; /usr/bin/env git archive master | /usr/bin/env tar -x -f - -C /home/deploy/thenewspanel.com/releases/20171126194108 )
  INFO [ab626031] Finished in 0.140 seconds with exit status 0 (successful).
 DEBUG [3f8b5183] Running if test ! -d /home/deploy/thenewspanel.com/repo; then echo "Directory does not exist '/home/deploy/thenewspanel.com/repo'" 1>&2; false; fi as deploy@96.126.107.94
 DEBUG [3f8b5183] Command: if test ! -d /home/deploy/thenewspanel.com/repo; then echo "Directory does not exist '/home/deploy/thenewspanel.com/repo'" 1>&2; false; fi
 DEBUG [3f8b5183] Finished in 0.124 seconds with exit status 0 (successful).
 DEBUG [439066ac] Running /usr/bin/env git rev-list --max-count=1 master as deploy@96.126.107.94
 DEBUG [439066ac] Command: cd /home/deploy/thenewspanel.com/repo && ( export RBENV_ROOT="$HOME/.rbenv" RBENV_VERSION="2.4.2" GIT_ASKPASS="/bin/echo" GIT_SSH="/tmp/git-ssh-thenewspanel.com-production-Cheikhndiongue.sh" ; /usr/bin/env git rev-list --max-count=1 master )
 DEBUG [439066ac] 	6f2d9fcf1f79a5835d2c2e86a31d499064ab44b9
 DEBUG [439066ac] Finished in 0.117 seconds with exit status 0 (successful).
 DEBUG [9d2b5e8f] Running if test ! -d /home/deploy/thenewspanel.com/releases/20171126194108; then echo "Directory does not exist '/home/deploy/thenewspanel.com/releases/20171126194108'" 1>&2; false; fi as deploy@96.126.107.94
 DEBUG [9d2b5e8f] Command: if test ! -d /home/deploy/thenewspanel.com/releases/20171126194108; then echo "Directory does not exist '/home/deploy/thenewspanel.com/releases/20171126194108'" 1>&2; false; fi
 DEBUG [9d2b5e8f] Finished in 0.112 seconds with exit status 0 (successful).
  INFO [bb2ef703] Running /usr/bin/env echo "6f2d9fcf1f79a5835d2c2e86a31d499064ab44b9" >> REVISION as deploy@96.126.107.94
 DEBUG [bb2ef703] Command: cd /home/deploy/thenewspanel.com/releases/20171126194108 && ( export RBENV_ROOT="$HOME/.rbenv" RBENV_VERSION="2.4.2" ; /usr/bin/env echo "6f2d9fcf1f79a5835d2c2e86a31d499064ab44b9" >> REVISION )
  INFO [bb2ef703] Finished in 0.111 seconds with exit status 0 (successful).
  INFO [606119bc] Running /usr/bin/env mkdir -p /home/deploy/thenewspanel.com/releases/20171126194108/public as deploy@96.126.107.94
 DEBUG [606119bc] Command: ( export RBENV_ROOT="$HOME/.rbenv" RBENV_VERSION="2.4.2" ; /usr/bin/env mkdir -p /home/deploy/thenewspanel.com/releases/20171126194108/public )
  INFO [606119bc] Finished in 0.114 seconds with exit status 0 (successful).
 DEBUG [bcd8cfdc] Running [ -L /home/deploy/thenewspanel.com/releases/20171126194108/public/assets ] as deploy@96.126.107.94
 DEBUG [bcd8cfdc] Command: [ -L /home/deploy/thenewspanel.com/releases/20171126194108/public/assets ]
 DEBUG [bcd8cfdc] Finished in 0.122 seconds with exit status 1 (failed).
 DEBUG [c7341c55] Running [ -d /home/deploy/thenewspanel.com/releases/20171126194108/public/assets ] as deploy@96.126.107.94
 DEBUG [c7341c55] Command: [ -d /home/deploy/thenewspanel.com/releases/20171126194108/public/assets ]
 DEBUG [c7341c55] Finished in 0.111 seconds with exit status 0 (successful).
  INFO [fd725c58] Running /usr/bin/env rm -rf /home/deploy/thenewspanel.com/releases/20171126194108/public/assets as deploy@96.126.107.94
 DEBUG [fd725c58] Command: ( export RBENV_ROOT="$HOME/.rbenv" RBENV_VERSION="2.4.2" ; /usr/bin/env rm -rf /home/deploy/thenewspanel.com/releases/20171126194108/public/assets )
  INFO [fd725c58] Finished in 0.118 seconds with exit status 0 (successful).
  INFO [32ac4b24] Running /usr/bin/env ln -s /home/deploy/thenewspanel.com/shared/public/assets /home/deploy/thenewspanel.com/releases/20171126194108/public/assets as deploy@96.126.107.94
 DEBUG [32ac4b24] Command: ( export RBENV_ROOT="$HOME/.rbenv" RBENV_VERSION="2.4.2" ; /usr/bin/env ln -s /home/deploy/thenewspanel.com/shared/public/assets /home/deploy/thenewspanel.com/releases/20171126194108/public/assets )
  INFO [32ac4b24] Finished in 0.121 seconds with exit status 0 (successful).
 DEBUG [0c8c77e8] Running if test ! -d /home/deploy/thenewspanel.com/releases/20171126194108; then echo "Directory does not exist '/home/deploy/thenewspanel.com/releases/20171126194108'" 1>&2; false; fi as deploy@96.126.107.94
 DEBUG [0c8c77e8] Command: if test ! -d /home/deploy/thenewspanel.com/releases/20171126194108; then echo "Directory does not exist '/home/deploy/thenewspanel.com/releases/20171126194108'" 1>&2; false; fi
 DEBUG [0c8c77e8] Finished in 0.112 seconds with exit status 0 (successful).
 DEBUG [8ee60bd6] Running $HOME/.rbenv/bin/rbenv exec bundle check --path /home/deploy/thenewspanel.com/shared/bundle as deploy@96.126.107.94
 DEBUG [8ee60bd6] Command: cd /home/deploy/thenewspanel.com/releases/20171126194108 && ( export RBENV_ROOT="$HOME/.rbenv" RBENV_VERSION="2.4.2" ; $HOME/.rbenv/bin/rbenv exec bundle check --path /home/deploy/thenewspanel.com/shared/bundle )
 DEBUG [8ee60bd6] 	The following gems are missing
 DEBUG [8ee60bd6] 	 * rake (12.3.0)
 DEBUG [8ee60bd6] 	 * concurrent-ruby (1.0.5)
 DEBUG [8ee60bd6] 	 * i18n (0.9.1)
 DEBUG [8ee60bd6] 	 * minitest (5.10.3)
 DEBUG [8ee60bd6] 	 * thread_safe (0.3.6)
 DEBUG [8ee60bd6] 	 * tzinfo (1.2.4)
 DEBUG [8ee60bd6] 	 * activesupport (5.1.4)
 DEBUG [8ee60bd6] 	 * builder (3.2.3)
 DEBUG [8ee60bd6] 	 * erubi (1.7.0)
 DEBUG [8ee60bd6] 	 * mini_portile2 (2.3.0)
 DEBUG [8ee60bd6] 	 * nokogiri (1.8.1)
 DEBUG [8ee60bd6] 	 * rails-dom-testing (2.0.3)
 DEBUG [8ee60bd6] 	 * crass (1.0.2)
 DEBUG [8ee60bd6] 	 * loofah (2.1.1)
 DEBUG [8ee60bd6] 	 * rails-html-sanitizer (1.0.3)
 DEBUG [8ee60bd6] 	 * actionview (5.1.4)
 DEBUG [8ee60bd6] 	 * rack (2.0.3)
 DEBUG [8ee60bd6] 	 * rack-test (0.7.0)
 DEBUG [8ee60bd6] 	 * actionpack (5.1.4)
 DEBUG [8ee60bd6] 	 * nio4r (2.1.0)
 DEBUG [8ee60bd6] 	 * websocket-extensions (0.1.2)
 DEBUG [8ee60bd6] 	 * websocket-driver (0.6.5)
 DEBUG [8ee60bd6] 	 * actioncable (5.1.4)
 DEBUG [8ee60bd6] 	 * globalid (0.4.1)
 DEBUG [8ee60bd6] 	 * activejob (5.1.4)
 DEBUG [8ee60bd6] 	 * mini_mime (0.1.4)
 DEBUG [8ee60bd6] 	 * mail (2.7.0)
 DEBUG [8ee60bd6] 	 * actionmailer (5.1.4)
 DEBUG [8ee60bd6] 	 * activemodel (5.1.4)
 DEBUG [8ee60bd6] 	 * arel (8.0.0)
 DEBUG [8ee60bd6] 	 * activerecord (5.1.4)
 DEBUG [8ee60bd6] 	 * acts-as-taggable-on (4.0.0)
 DEBUG [8ee60bd6] 	 * public_suffix (3.0.0)
 DEBUG [8ee60bd6] 	 * addressable (2.5.2)
 DEBUG [8ee60bd6] 	 * net-ssh (4.2.0)
 DEBUG [8ee60bd6] 	 * net-scp (1.2.1)
 DEBUG [8ee60bd6] 	 * sshkit (1.15.1)
 DEBUG [8ee60bd6] 	 * airbrussh (1.3.0)
 DEBUG [8ee60bd6] 	 * annotate (2.7.2)
 DEBUG [8ee60bd6] 	 * execjs (2.7.0)
 DEBUG [8ee60bd6] 	 * autoprefixer-rails (7.1.6)
 DEBUG [8ee60bd6] 	 * bcrypt (3.1.11)
 DEBUG [8ee60bd6] 	 * bindex (0.5.0)
 DEBUG [8ee60bd6] 	 * popper_js (1.12.5)
 DEBUG [8ee60bd6] 	 * rb-fsevent (0.10.2)
 DEBUG [8ee60bd6] 	 * ffi (1.9.18)
 DEBUG [8ee60bd6] 	 * rb-inotify (0.9.10)
 DEBUG [8ee60bd6] 	 * sass-listen (4.0.0)
 DEBUG [8ee60bd6] 	 * sass (3.5.3)
 DEBUG [8ee60bd6] 	 * bootstrap (4.0.0.beta2.1)
 DEBUG [8ee60bd6] 	 * bootstrap-sass (3.3.7)
 DEBUG [8ee60bd6] 	 * byebug (9.1.0)
 DEBUG [8ee60bd6] 	 * capistrano (3.10.0)
 DEBUG [8ee60bd6] 	 * capistrano-bundler (1.3.0)
 DEBUG [8ee60bd6] 	 * capistrano-rails (1.3.1)
 DEBUG [8ee60bd6] 	 * capistrano-rbenv (2.1.3)
 DEBUG [8ee60bd6] 	 * xpath (2.1.0)
 DEBUG [8ee60bd6] 	 * capybara (2.15.4)
 DEBUG [8ee60bd6] 	 * childprocess (0.8.0)
 DEBUG [8ee60bd6] 	 * coffee-script-source (1.12.2)
 DEBUG [8ee60bd6] 	 * coffee-script (2.4.1)
 DEBUG [8ee60bd6] 	 * method_source (0.9.0)
 DEBUG [8ee60bd6] 	 * thor (0.20.0)
 DEBUG [8ee60bd6] 	 * railties (5.1.4)
 DEBUG [8ee60bd6] 	 * coffee-rails (4.2.2)
 DEBUG [8ee60bd6] 	 * orm_adapter (0.5.0)
 DEBUG [8ee60bd6] 	 * responders (2.4.0)
 DEBUG [8ee60bd6] 	 * warden (1.2.7)
 DEBUG [8ee60bd6] 	 * devise (4.3.0)
 DEBUG [8ee60bd6] 	 * friendly_id (5.1.0)
 DEBUG [8ee60bd6] 	 * multi_json (1.12.2)
 DEBUG [8ee60bd6] 	 * jbuilder (2.7.0)
 DEBUG [8ee60bd6] 	 * jquery-rails (4.3.1)
 DEBUG [8ee60bd6] 	 * ruby_dep (1.5.0)
 DEBUG [8ee60bd6] 	 * listen (3.1.5)
 DEBUG [8ee60bd6] 	 * pg (0.21.0)
 DEBUG [8ee60bd6] 	 * puma (3.10.0)
 DEBUG [8ee60bd6] 	 * sprockets (3.7.1)
 DEBUG [8ee60bd6] 	 * sprockets-rails (2.3.3)
 DEBUG [8ee60bd6] 	 * rails (5.1.4)
 DEBUG [8ee60bd6] 	 * rubyzip (1.2.1)
 DEBUG [8ee60bd6] 	 * tilt (2.0.8)
 DEBUG [8ee60bd6] 	 * sass-rails (5.0.6)
 DEBUG [8ee60bd6] 	 * selenium-webdriver (3.7.0)
 DEBUG [8ee60bd6] 	 * spring (2.0.2)
 DEBUG [8ee60bd6] 	 * spring-watcher-listen (2.0.1)
 DEBUG [8ee60bd6] 	 * turbolinks-source (5.0.3)
 DEBUG [8ee60bd6] 	 * turbolinks (5.0.1)
 DEBUG [8ee60bd6] 	 * uglifier (3.2.0)
 DEBUG [8ee60bd6] 	 * web-console (3.5.1)
 DEBUG [8ee60bd6] 	 * will_paginate (3.1.6)
 DEBUG [8ee60bd6] 	Install missing gems with `bundle install`
 DEBUG [8ee60bd6] Finished in 0.451 seconds with exit status 1 (failed).
  INFO [66dfbba3] Running $HOME/.rbenv/bin/rbenv exec bundle install --path /home/deploy/thenewspanel.com/shared/bundle --without development test --deployment --quiet as deploy@96.126.107.94
 DEBUG [66dfbba3] Command: cd /home/deploy/thenewspanel.com/releases/20171126194108 && ( export RBENV_ROOT="$HOME/.rbenv" RBENV_VERSION="2.4.2" ; $HOME/.rbenv/bin/rbenv exec bundle install --path /home/deploy/thenewspanel.com/shared/bundle --without development test --deployment --quiet )
  INFO [66dfbba3] Finished in 88.399 seconds with exit status 0 (successful).
 DEBUG [03f0fb23] Running if test ! -d /home/deploy/thenewspanel.com/releases/20171126194108; then echo "Directory does not exist '/home/deploy/thenewspanel.com/releases/20171126194108'" 1>&2; false; fi as deploy@96.126.107.94
 DEBUG [03f0fb23] Command: if test ! -d /home/deploy/thenewspanel.com/releases/20171126194108; then echo "Directory does not exist '/home/deploy/thenewspanel.com/releases/20171126194108'" 1>&2; false; fi
 DEBUG [03f0fb23] Finished in 0.130 seconds with exit status 0 (successful).
  INFO [9d7a17eb] Running $HOME/.rbenv/bin/rbenv exec bundle exec rake assets:precompile as deploy@96.126.107.94
 DEBUG [9d7a17eb] Command: cd /home/deploy/thenewspanel.com/releases/20171126194108 && ( export RBENV_ROOT="$HOME/.rbenv" RBENV_VERSION="2.4.2" RAILS_ENV="production" RAILS_GROUPS="" ; $HOME/.rbenv/bin/rbenv exec bundle exec rake assets:precompile )
 DEBUG [9d7a17eb] 	/home/deploy/thenewspanel.com/shared/bundle/ruby/2.4.0/gems/bootstrap-sass-3.3.7/lib/bootstrap-sass/version.rb:2: warning: already initialized constant Bootstrap::VERSION
 DEBUG [9d7a17eb] 	/home/deploy/thenewspanel.com/shared/bundle/ruby/2.4.0/gems/bootstrap-4.0.0.beta2.1/lib/bootstrap/version.rb:2: warning: previous definition of VERSION was here
 DEBUG [9d7a17eb] 	/home/deploy/thenewspanel.com/shared/bundle/ruby/2.4.0/gems/bootstrap-sass-3.3.7/lib/bootstrap-sass/version.rb:3: warning: already initialized constant Bootstrap::BOOTSTRAP_SHA
 DEBUG [9d7a17eb] 	/home/deploy/thenewspanel.com/shared/bundle/ruby/2.4.0/gems/bootstrap-4.0.0.beta2.1/lib/bootstrap/version.rb:3: warning: previous definition of BOOTSTRAP_SHA was here
 DEBUG [9d7a17eb] 	yarn install v1.3.2
 DEBUG [9d7a17eb] 	warning You are using Node "4.2.6" which is not supported and may encounter bugs or unexpected behavior. Yarn supports the following semver range: "^4.8.0 || ^5.7.0 || ^6.2.2 || >=8.0.0"
 DEBUG [9d7a17eb] 	info No lockfile found.
 DEBUG [9d7a17eb] 	[1/4] Resolving packages...
 DEBUG [9d7a17eb] 	[2/4] Fetching packages...
 DEBUG [9d7a17eb] 	[3/4] Linking dependencies...
 DEBUG [9d7a17eb] 	[4/4] Building fresh packages...
 DEBUG [9d7a17eb] 	info Lockfile not saved, no dependencies.
 DEBUG [9d7a17eb] 	Done in 0.11s.
 DEBUG [9d7a17eb] 	I, [2017-11-26T14:42:50.480500 #21429]  INFO -- : Writing /home/deploy/thenewspanel.com/releases/20171126194108/public/assets/application-fe92d37b60ef376c4e935df139cc1278c9b973135ee1e4410f13810af4ed148b.js
 DEBUG [9d7a17eb] 	I, [2017-11-26T14:42:50.481461 #21429]  INFO -- : Writing /home/deploy/thenewspanel.com/releases/20171126194108/public/assets/application-fe92d37b60ef376c4e935df139cc1278c9b973135ee1e4410f13810af4ed148b.js.gz
 DEBUG [9d7a17eb] 	I, [2017-11-26T14:42:56.714743 #21429]  INFO -- : Writing /home/deploy/thenewspanel.com/releases/20171126194108/public/assets/application-a3f3b48d4f23fd795a8800ca99839887215d461914b43fdb404dfb89e426d491.css
 DEBUG [9d7a17eb] 	I, [2017-11-26T14:42:56.715594 #21429]  INFO -- : Writing /home/deploy/thenewspanel.com/releases/20171126194108/public/assets/application-a3f3b48d4f23fd795a8800ca99839887215d461914b43fdb404dfb89e426d491.css.gz
  INFO [9d7a17eb] Finished in 16.308 seconds with exit status 0 (successful).
 DEBUG [4ed38f79] Running if test ! -d /home/deploy/thenewspanel.com/releases/20171126194108; then echo "Directory does not exist '/home/deploy/thenewspanel.com/releases/20171126194108'" 1>&2; false; fi as deploy@96.126.107.94
 DEBUG [4ed38f79] Command: if test ! -d /home/deploy/thenewspanel.com/releases/20171126194108; then echo "Directory does not exist '/home/deploy/thenewspanel.com/releases/20171126194108'" 1>&2; false; fi
 DEBUG [4ed38f79] Finished in 0.126 seconds with exit status 0 (successful).
  INFO [5991cb25] Running /usr/bin/env mkdir -p /home/deploy/thenewspanel.com/releases/20171126194108/assets_manifest_backup as deploy@96.126.107.94
 DEBUG [5991cb25] Command: cd /home/deploy/thenewspanel.com/releases/20171126194108 && ( export RBENV_ROOT="$HOME/.rbenv" RBENV_VERSION="2.4.2" ; /usr/bin/env mkdir -p /home/deploy/thenewspanel.com/releases/20171126194108/assets_manifest_backup )
  INFO [5991cb25] Finished in 0.141 seconds with exit status 0 (successful).
 DEBUG [543f8832] Running /usr/bin/env ls /home/deploy/thenewspanel.com/releases/20171126194108/public/assets/.sprockets-manifest* as deploy@96.126.107.94
 DEBUG [543f8832] Command: cd /home/deploy/thenewspanel.com/releases/20171126194108 && ( export RBENV_ROOT="$HOME/.rbenv" RBENV_VERSION="2.4.2" ; /usr/bin/env ls /home/deploy/thenewspanel.com/releases/20171126194108/public/assets/.sprockets-manifest* )
 DEBUG [543f8832] 	/home/deploy/thenewspanel.com/releases/20171126194108/public/assets/.sprockets-manifest-4df6439d09cd325a85c5a4e1bd7edc3b.json
 DEBUG [543f8832] Finished in 0.128 seconds with exit status 0 (successful).
 DEBUG [72489fa1] Running /usr/bin/env ls /home/deploy/thenewspanel.com/releases/20171126194108/public/assets/.sprockets-manifest* as deploy@96.126.107.94
 DEBUG [72489fa1] Command: cd /home/deploy/thenewspanel.com/releases/20171126194108 && ( export RBENV_ROOT="$HOME/.rbenv" RBENV_VERSION="2.4.2" ; /usr/bin/env ls /home/deploy/thenewspanel.com/releases/20171126194108/public/assets/.sprockets-manifest* )
 DEBUG [72489fa1] 	/home/deploy/thenewspanel.com/releases/20171126194108/public/assets/.sprockets-manifest-4df6439d09cd325a85c5a4e1bd7edc3b.json
 DEBUG [72489fa1] Finished in 0.139 seconds with exit status 0 (successful).
  INFO [9b4c2525] Running /usr/bin/env cp /home/deploy/thenewspanel.com/releases/20171126194108/public/assets/.sprockets-manifest-4df6439d09cd325a85c5a4e1bd7edc3b.json /home/deploy/thenewspanel.com/releases/20171126194108/assets_manifest_backup as deploy@96.126.107.94
 DEBUG [9b4c2525] Command: cd /home/deploy/thenewspanel.com/releases/20171126194108 && ( export RBENV_ROOT="$HOME/.rbenv" RBENV_VERSION="2.4.2" ; /usr/bin/env cp /home/deploy/thenewspanel.com/releases/20171126194108/public/assets/.sprockets-manifest-4df6439d09cd325a85c5a4e1bd7edc3b.json /home/deploy/thenewspanel.com/releases/20171126194108/assets_manifest_backup )
  INFO [9b4c2525] Finished in 0.119 seconds with exit status 0 (successful).
  INFO [deploy:migrate] Run `rake db:migrate`
 DEBUG [0f0d1003] Running if test ! -d /home/deploy/thenewspanel.com/releases/20171126194108; then echo "Directory does not exist '/home/deploy/thenewspanel.com/releases/20171126194108'" 1>&2; false; fi as deploy@96.126.107.94
 DEBUG [0f0d1003] Command: if test ! -d /home/deploy/thenewspanel.com/releases/20171126194108; then echo "Directory does not exist '/home/deploy/thenewspanel.com/releases/20171126194108'" 1>&2; false; fi
 DEBUG [0f0d1003] Finished in 0.112 seconds with exit status 0 (successful).
  INFO [0eb5e37f] Running $HOME/.rbenv/bin/rbenv exec bundle exec rake db:migrate as deploy@96.126.107.94
 DEBUG [0eb5e37f] Command: cd /home/deploy/thenewspanel.com/releases/20171126194108 && ( export RBENV_ROOT="$HOME/.rbenv" RBENV_VERSION="2.4.2" RAILS_ENV="production" ; $HOME/.rbenv/bin/rbenv exec bundle exec rake db:migrate )
 DEBUG [0eb5e37f] 	/home/deploy/thenewspanel.com/shared/bundle/ruby/2.4.0/gems/bootstrap-sass-3.3.7/lib/bootstrap-sass/version.rb:2: warning: already initialized constant Bootstrap::VERSION
 DEBUG [0eb5e37f] 	/home/deploy/thenewspanel.com/shared/bundle/ruby/2.4.0/gems/bootstrap-4.0.0.beta2.1/lib/bootstrap/version.rb:2: warning: previous definition of VERSION was here
 DEBUG [0eb5e37f] 	/home/deploy/thenewspanel.com/shared/bundle/ruby/2.4.0/gems/bootstrap-sass-3.3.7/lib/bootstrap-sass/version.rb:3: warning: already initialized constant Bootstrap::BOOTSTRAP_SHA
 DEBUG [0eb5e37f] 	/home/deploy/thenewspanel.com/shared/bundle/ruby/2.4.0/gems/bootstrap-4.0.0.beta2.1/lib/bootstrap/version.rb:3: warning: previous definition of BOOTSTRAP_SHA was here
 DEBUG [0eb5e37f] 	rake aborted!
 DEBUG [0eb5e37f] 	ActiveRecord::NoDatabaseError: FATAL:  database "news_development" does not exist
 DEBUG [0eb5e37f] 	/home/deploy/thenewspanel.com/shared/bundle/ruby/2.4.0/gems/activerecord-5.1.4/lib/active_record/connection_adapters/postgresql_adapter.rb:699:in `rescue in connect'
/home/deploy/thenewspanel.com/shared/bundle/ruby/2.4.0/gems/activerecord-5.1.4/lib/active_record/connection_adapters/postgresql_adapter.rb:695:in `connect'
/home/deploy/thenewspanel.com/shared/bundle/ruby/2.4.0/gems/activerecord-5.1.4/lib/active_record/connection_adapters/postgresql_adapter.rb:220:in `initialize'
/home/deploy/thenewspanel.com/shared/bundle/ruby/2.4.0/gems/activerecord-5.1.4/lib/active_record/connection_adapters/postgresql_adapter.rb:38:in `new'
/home/deploy/thenewspanel.com/shared/bundle/ruby/2.4.0/gems/activerecord-5.1.4/lib/active_record/connection_adapters/postgresql_adapter.rb:38:in `postgresql_connection'
/home/deploy/thenewspanel.com/shared/bundle/ruby/2.4.0/gems/activerecord-5.1.4/lib/active_record/connection_adapters/abstract/connection_pool.rb:759:in `new_connection'
/home/deploy/thenewspanel.com/shared/bundle/ruby/2.4.0/gems/activerecord-5.1.4/lib/active_record/connection_adapters/abstract/connection_pool.rb:803:in `checkout_new_connection'
/home/deploy/thenewspanel.com/shared/bundle/ruby/2.4.0/gems/activerecord-5.1.4/lib/active_record/connection_adapters/abstract/connection_pool.rb:782:in `try_to_checkout_new_connection'
/home/deploy/thenewspanel.com/shared/bundle/ruby/2.4.0/gems/activerecord-5.1.4/lib/active_record/connection_adapters/abstract/connection_pool.rb:743:in `acquire_connection'
/home/deploy/thenewspanel.com/shared/bundle/ruby/2.4.0/gems/activerecord-5.1.4/lib/active_record/connection_adapters/abstract/connection_pool.rb:500:in `checkout'
/home/deploy/thenewspanel.com/shared/bundle/ruby/2.4.0/gems/activerecord-5.1.4/lib/active_record/connection_adapters/abstract/connection_pool.rb:374:in `connection'
/home/deploy/thenewspanel.com/shared/bundle/ruby/2.4.0/gems/activerecord-5.1.4/lib/active_record/connection_adapters/abstract/connection_pool.rb:931:in `retrieve_connection'
/home/deploy/thenewspanel.com/shared/bundle/ruby/2.4.0/gems/activerecord-5.1.4/lib/active_record/connection_handling.rb:116:in `retrieve_connection'
/home/deploy/thenewspanel.com/shared/bundle/ruby/2.4.0/gems/activerecord-5.1.4/lib/active_record/connection_handling.rb:88:in `connection'
/home/deploy/thenewspanel.com/shared/bundle/ruby/2.4.0/gems/activerecord-5.1.4/lib/active_record/schema_migration.rb:20:in `table_exists?'
/home/deploy/thenewspanel.com/shared/bundle/ruby/2.4.0/gems/activerecord-5.1.4/lib/active_record/schema_migration.rb:24:in `create_table'
/home/deploy/thenewspanel.com/shared/bundle/ruby/2.4.0/gems/activerecord-5.1.4/lib/active_record/migration.rb:1125:in `initialize'
/home/deploy/thenewspanel.com/shared/bundle/ruby/2.4.0/gems/activerecord-5.1.4/lib/active_record/migration.rb:1007:in `new'
/home/deploy/thenewspanel.com/shared/bundle/ruby/2.4.0/gems/activerecord-5.1.4/lib/active_record/migration.rb:1007:in `up'
/home/deploy/thenewspanel.com/shared/bundle/ruby/2.4.0/gems/activerecord-5.1.4/lib/active_record/migration.rb:985:in `migrate'
/home/deploy/thenewspanel.com/shared/bundle/ruby/2.4.0/gems/activerecord-5.1.4/lib/active_record/tasks/database_tasks.rb:171:in `migrate'
/home/deploy/thenewspanel.com/shared/bundle/ruby/2.4.0/gems/activerecord-5.1.4/lib/active_record/railties/databases.rake:58:in `block (2 levels) in <top (required)>'
/home/deploy/thenewspanel.com/shared/bundle/ruby/2.4.0/gems/rake-12.3.0/exe/rake:27:in `<top (required)>'
/home/deploy/.rbenv/versions/2.4.2/bin/bundle:23:in `load'
/home/deploy/.rbenv/versions/2.4.2/bin/bundle:23:in `<main>'
 DEBUG [0eb5e37f] 	
Caused by:
 DEBUG [0eb5e37f] 	PG::ConnectionBad: FATAL:  database "news_development" does not exist
 DEBUG [0eb5e37f] 	/home/deploy/thenewspanel.com/shared/bundle/ruby/2.4.0/gems/pg-0.21.0/lib/pg.rb:56:in `initialize'
/home/deploy/thenewspanel.com/shared/bundle/ruby/2.4.0/gems/pg-0.21.0/lib/pg.rb:56:in `new'
/home/deploy/thenewspanel.com/shared/bundle/ruby/2.4.0/gems/pg-0.21.0/lib/pg.rb:56:in `connect'
/home/deploy/thenewspanel.com/shared/bundle/ruby/2.4.0/gems/activerecord-5.1.4/lib/active_record/connection_adapters/postgresql_adapter.rb:695:in `connect'
/home/deploy/thenewspanel.com/shared/bundle/ruby/2.4.0/gems/activerecord-5.1.4/lib/active_record/connection_adapters/postgresql_adapter.rb:220:in `initialize'
/home/deploy/thenewspanel.com/shared/bundle/ruby/2.4.0/gems/activerecord-5.1.4/lib/active_record/connection_adapters/postgresql_adapter.rb:38:in `new'
/home/deploy/thenewspanel.com/shared/bundle/ruby/2.4.0/gems/activerecord-5.1.4/lib/active_record/connection_adapters/postgresql_adapter.rb:38:in `postgresql_connection'
/home/deploy/thenewspanel.com/shared/bundle/ruby/2.4.0/gems/activerecord-5.1.4/lib/active_record/connection_adapters/abstract/connection_pool.rb:759:in `new_connection'
/home/deploy/thenewspanel.com/shared/bundle/ruby/2.4.0/gems/activerecord-5.1.4/lib/active_record/connection_adapters/abstract/connection_pool.rb:803:in `checkout_new_connection'
/home/deploy/thenewspanel.com/shared/bundle/ruby/2.4.0/gems/activerecord-5.1.4/lib/active_record/connection_adapters/abstract/connection_pool.rb:782:in `try_to_checkout_new_connection'
/home/deploy/thenewspanel.com/shared/bundle/ruby/2.4.0/gems/activerecord-5.1.4/lib/active_record/connection_adapters/abstract/connection_pool.rb:743:in `acquire_connection'
/home/deploy/thenewspanel.com/shared/bundle/ruby/2.4.0/gems/activerecord-5.1.4/lib/active_record/connection_adapters/abstract/connection_pool.rb:500:in `checkout'
/home/deploy/thenewspanel.com/shared/bundle/ruby/2.4.0/gems/activerecord-5.1.4/lib/active_record/connection_adapters/abstract/connection_pool.rb:374:in `connection'
/home/deploy/thenewspanel.com/shared/bundle/ruby/2.4.0/gems/activerecord-5.1.4/lib/active_record/connection_adapters/abstract/connection_pool.rb:931:in `retrieve_connection'
/home/deploy/thenewspanel.com/shared/bundle/ruby/2.4.0/gems/activerecord-5.1.4/lib/active_record/connection_handling.rb:116:in `retrieve_connection'
/home/deploy/thenewspanel.com/shared/bundle/ruby/2.4.0/gems/activerecord-5.1.4/lib/active_record/connection_handling.rb:88:in `connection'
/home/deploy/thenewspanel.com/shared/bundle/ruby/2.4.0/gems/activerecord-5.1.4/lib/active_record/schema_migration.rb:20:in `table_exists?'
/home/deploy/thenewspanel.com/shared/bundle/ruby/2.4.0/gems/activerecord-5.1.4/lib/active_record/schema_migration.rb:24:in `create_table'
/home/deploy/thenewspanel.com/shared/bundle/ruby/2.4.0/gems/activerecord-5.1.4/lib/active_record/migration.rb:1125:in `initialize'
/home/deploy/thenewspanel.com/shared/bundle/ruby/2.4.0/gems/activerecord-5.1.4/lib/active_record/migration.rb:1007:in `new'
/home/deploy/thenewspanel.com/shared/bundle/ruby/2.4.0/gems/activerecord-5.1.4/lib/active_record/migration.rb:1007:in `up'
/home/deploy/thenewspanel.com/shared/bundle/ruby/2.4.0/gems/activerecord-5.1.4/lib/active_record/migration.rb:985:in `migrate'
/home/deploy/thenewspanel.com/shared/bundle/ruby/2.4.0/gems/activerecord-5.1.4/lib/active_record/tasks/database_tasks.rb:171:in `migrate'
/home/deploy/thenewspanel.com/shared/bundle/ruby/2.4.0/gems/activerecord-5.1.4/lib/active_record/railties/databases.rake:58:in `block (2 levels) in <top (required)>'
/home/deploy/thenewspanel.com/shared/bundle/ruby/2.4.0/gems/rake-12.3.0/exe/rake:27:in `<top (required)>'
/home/deploy/.rbenv/versions/2.4.2/bin/bundle:23:in `load'
/home/deploy/.rbenv/versions/2.4.2/bin/bundle:23:in `<main>'
 DEBUG [0eb5e37f] 	Tasks: TOP => db:migrate
 DEBUG [0eb5e37f] 	(See full trace by running task with --trace)
  INFO ---------------------------------------------------------------------------
  INFO START 2017-11-26 15:06:13 -0500 cap production deploy
  INFO ---------------------------------------------------------------------------
 DEBUG [ba4a96da] Running [ -d $HOME/.rbenv/versions/2.4.2 ] as deploy@96.126.107.94
 DEBUG [ba4a96da] Command: [ -d $HOME/.rbenv/versions/2.4.2 ]
 DEBUG [ba4a96da] Finished in 0.523 seconds with exit status 0 (successful).
  INFO [02c21839] Running /usr/bin/env mkdir -p /tmp as deploy@96.126.107.94
 DEBUG [02c21839] Command: ( export RBENV_ROOT="$HOME/.rbenv" RBENV_VERSION="2.4.2" ; /usr/bin/env mkdir -p /tmp )
  INFO [02c21839] Finished in 0.114 seconds with exit status 0 (successful).
 DEBUG Uploading /tmp/git-ssh-thenewspanel.com-production-Cheikhndiongue.sh 0.0%
  INFO Uploading /tmp/git-ssh-thenewspanel.com-production-Cheikhndiongue.sh 100.0%
  INFO [3d4d8330] Running /usr/bin/env chmod 700 /tmp/git-ssh-thenewspanel.com-production-Cheikhndiongue.sh as deploy@96.126.107.94
 DEBUG [3d4d8330] Command: ( export RBENV_ROOT="$HOME/.rbenv" RBENV_VERSION="2.4.2" ; /usr/bin/env chmod 700 /tmp/git-ssh-thenewspanel.com-production-Cheikhndiongue.sh )
  INFO [3d4d8330] Finished in 0.124 seconds with exit status 0 (successful).
  INFO [f562649c] Running /usr/bin/env git ls-remote git@github.com:TheDevsTeam/thenewspanel.com.git HEAD as deploy@96.126.107.94
 DEBUG [f562649c] Command: ( export RBENV_ROOT="$HOME/.rbenv" RBENV_VERSION="2.4.2" GIT_ASKPASS="/bin/echo" GIT_SSH="/tmp/git-ssh-thenewspanel.com-production-Cheikhndiongue.sh" ; /usr/bin/env git ls-remote git@github.com:TheDevsTeam/thenewspanel.com.git HEAD )
 DEBUG [f562649c] 	984226f0888527d512e134751813ae33b852c819	HEAD
  INFO [f562649c] Finished in 0.446 seconds with exit status 0 (successful).
  INFO [1022d0b9] Running /usr/bin/env mkdir -p /home/deploy/thenewspanel.com/shared /home/deploy/thenewspanel.com/releases as deploy@96.126.107.94
 DEBUG [1022d0b9] Command: ( export RBENV_ROOT="$HOME/.rbenv" RBENV_VERSION="2.4.2" ; /usr/bin/env mkdir -p /home/deploy/thenewspanel.com/shared /home/deploy/thenewspanel.com/releases )
  INFO [1022d0b9] Finished in 0.077 seconds with exit status 0 (successful).
  INFO [90fcc99d] Running /usr/bin/env mkdir -p /home/deploy/thenewspanel.com/shared/public/assets as deploy@96.126.107.94
 DEBUG [90fcc99d] Command: ( export RBENV_ROOT="$HOME/.rbenv" RBENV_VERSION="2.4.2" ; /usr/bin/env mkdir -p /home/deploy/thenewspanel.com/shared/public/assets )
  INFO [90fcc99d] Finished in 0.113 seconds with exit status 0 (successful).
 DEBUG [8bf1679f] Running [ -f /home/deploy/thenewspanel.com/current/REVISION ] as deploy@96.126.107.94
 DEBUG [8bf1679f] Command: [ -f /home/deploy/thenewspanel.com/current/REVISION ]
 DEBUG [8bf1679f] Finished in 0.120 seconds with exit status 1 (failed).
 DEBUG [26be114c] Running [ -f /home/deploy/thenewspanel.com/repo/HEAD ] as deploy@96.126.107.94
 DEBUG [26be114c] Command: [ -f /home/deploy/thenewspanel.com/repo/HEAD ]
 DEBUG [26be114c] Finished in 0.109 seconds with exit status 0 (successful).
  INFO The repository mirror is at /home/deploy/thenewspanel.com/repo
 DEBUG [585175d0] Running if test ! -d /home/deploy/thenewspanel.com/repo; then echo "Directory does not exist '/home/deploy/thenewspanel.com/repo'" 1>&2; false; fi as deploy@96.126.107.94
 DEBUG [585175d0] Command: if test ! -d /home/deploy/thenewspanel.com/repo; then echo "Directory does not exist '/home/deploy/thenewspanel.com/repo'" 1>&2; false; fi
 DEBUG [585175d0] Finished in 0.131 seconds with exit status 0 (successful).
  INFO [c761eee4] Running /usr/bin/env git remote set-url origin git@github.com:TheDevsTeam/thenewspanel.com.git as deploy@96.126.107.94
 DEBUG [c761eee4] Command: cd /home/deploy/thenewspanel.com/repo && ( export RBENV_ROOT="$HOME/.rbenv" RBENV_VERSION="2.4.2" GIT_ASKPASS="/bin/echo" GIT_SSH="/tmp/git-ssh-thenewspanel.com-production-Cheikhndiongue.sh" ; /usr/bin/env git remote set-url origin git@github.com:TheDevsTeam/thenewspanel.com.git )
  INFO [c761eee4] Finished in 0.116 seconds with exit status 0 (successful).
  INFO [c716e7d9] Running /usr/bin/env git remote update --prune as deploy@96.126.107.94
 DEBUG [c716e7d9] Command: cd /home/deploy/thenewspanel.com/repo && ( export RBENV_ROOT="$HOME/.rbenv" RBENV_VERSION="2.4.2" GIT_ASKPASS="/bin/echo" GIT_SSH="/tmp/git-ssh-thenewspanel.com-production-Cheikhndiongue.sh" ; /usr/bin/env git remote update --prune )
 DEBUG [c716e7d9] 	Fetching origin
 DEBUG [c716e7d9] 	From github.com:TheDevsTeam/thenewspanel.com
   6f2d9fc..984226f  master     -> master
  INFO [c716e7d9] Finished in 1.852 seconds with exit status 0 (successful).
 DEBUG [83c9da02] Running if test ! -d /home/deploy/thenewspanel.com/repo; then echo "Directory does not exist '/home/deploy/thenewspanel.com/repo'" 1>&2; false; fi as deploy@96.126.107.94
 DEBUG [83c9da02] Command: if test ! -d /home/deploy/thenewspanel.com/repo; then echo "Directory does not exist '/home/deploy/thenewspanel.com/repo'" 1>&2; false; fi
 DEBUG [83c9da02] Finished in 0.085 seconds with exit status 0 (successful).
  INFO [b2e86249] Running /usr/bin/env mkdir -p /home/deploy/thenewspanel.com/releases/20171126200615 as deploy@96.126.107.94
 DEBUG [b2e86249] Command: cd /home/deploy/thenewspanel.com/repo && ( export RBENV_ROOT="$HOME/.rbenv" RBENV_VERSION="2.4.2" GIT_ASKPASS="/bin/echo" GIT_SSH="/tmp/git-ssh-thenewspanel.com-production-Cheikhndiongue.sh" ; /usr/bin/env mkdir -p /home/deploy/thenewspanel.com/releases/20171126200615 )
  INFO [b2e86249] Finished in 0.144 seconds with exit status 0 (successful).
  INFO [01e0f504] Running /usr/bin/env git archive master | /usr/bin/env tar -x -f - -C /home/deploy/thenewspanel.com/releases/20171126200615 as deploy@96.126.107.94
 DEBUG [01e0f504] Command: cd /home/deploy/thenewspanel.com/repo && ( export RBENV_ROOT="$HOME/.rbenv" RBENV_VERSION="2.4.2" GIT_ASKPASS="/bin/echo" GIT_SSH="/tmp/git-ssh-thenewspanel.com-production-Cheikhndiongue.sh" ; /usr/bin/env git archive master | /usr/bin/env tar -x -f - -C /home/deploy/thenewspanel.com/releases/20171126200615 )
  INFO [01e0f504] Finished in 0.141 seconds with exit status 0 (successful).
 DEBUG [9eb2c70c] Running if test ! -d /home/deploy/thenewspanel.com/repo; then echo "Directory does not exist '/home/deploy/thenewspanel.com/repo'" 1>&2; false; fi as deploy@96.126.107.94
 DEBUG [9eb2c70c] Command: if test ! -d /home/deploy/thenewspanel.com/repo; then echo "Directory does not exist '/home/deploy/thenewspanel.com/repo'" 1>&2; false; fi
 DEBUG [9eb2c70c] Finished in 0.112 seconds with exit status 0 (successful).
 DEBUG [c7c2c0fb] Running /usr/bin/env git rev-list --max-count=1 master as deploy@96.126.107.94
 DEBUG [c7c2c0fb] Command: cd /home/deploy/thenewspanel.com/repo && ( export RBENV_ROOT="$HOME/.rbenv" RBENV_VERSION="2.4.2" GIT_ASKPASS="/bin/echo" GIT_SSH="/tmp/git-ssh-thenewspanel.com-production-Cheikhndiongue.sh" ; /usr/bin/env git rev-list --max-count=1 master )
 DEBUG [c7c2c0fb] 	984226f0888527d512e134751813ae33b852c819
 DEBUG [c7c2c0fb] Finished in 0.122 seconds with exit status 0 (successful).
 DEBUG [b697d0fb] Running if test ! -d /home/deploy/thenewspanel.com/releases/20171126200615; then echo "Directory does not exist '/home/deploy/thenewspanel.com/releases/20171126200615'" 1>&2; false; fi as deploy@96.126.107.94
 DEBUG [b697d0fb] Command: if test ! -d /home/deploy/thenewspanel.com/releases/20171126200615; then echo "Directory does not exist '/home/deploy/thenewspanel.com/releases/20171126200615'" 1>&2; false; fi
 DEBUG [b697d0fb] Finished in 0.110 seconds with exit status 0 (successful).
  INFO [7833c0ff] Running /usr/bin/env echo "984226f0888527d512e134751813ae33b852c819" >> REVISION as deploy@96.126.107.94
 DEBUG [7833c0ff] Command: cd /home/deploy/thenewspanel.com/releases/20171126200615 && ( export RBENV_ROOT="$HOME/.rbenv" RBENV_VERSION="2.4.2" ; /usr/bin/env echo "984226f0888527d512e134751813ae33b852c819" >> REVISION )
  INFO [7833c0ff] Finished in 0.115 seconds with exit status 0 (successful).
  INFO [16a8233e] Running /usr/bin/env mkdir -p /home/deploy/thenewspanel.com/releases/20171126200615/public as deploy@96.126.107.94
 DEBUG [16a8233e] Command: ( export RBENV_ROOT="$HOME/.rbenv" RBENV_VERSION="2.4.2" ; /usr/bin/env mkdir -p /home/deploy/thenewspanel.com/releases/20171126200615/public )
  INFO [16a8233e] Finished in 0.111 seconds with exit status 0 (successful).
 DEBUG [171e3788] Running [ -L /home/deploy/thenewspanel.com/releases/20171126200615/public/assets ] as deploy@96.126.107.94
 DEBUG [171e3788] Command: [ -L /home/deploy/thenewspanel.com/releases/20171126200615/public/assets ]
 DEBUG [171e3788] Finished in 0.112 seconds with exit status 1 (failed).
 DEBUG [043c11da] Running [ -d /home/deploy/thenewspanel.com/releases/20171126200615/public/assets ] as deploy@96.126.107.94
 DEBUG [043c11da] Command: [ -d /home/deploy/thenewspanel.com/releases/20171126200615/public/assets ]
 DEBUG [043c11da] Finished in 0.111 seconds with exit status 0 (successful).
  INFO [c6f438b9] Running /usr/bin/env rm -rf /home/deploy/thenewspanel.com/releases/20171126200615/public/assets as deploy@96.126.107.94
 DEBUG [c6f438b9] Command: ( export RBENV_ROOT="$HOME/.rbenv" RBENV_VERSION="2.4.2" ; /usr/bin/env rm -rf /home/deploy/thenewspanel.com/releases/20171126200615/public/assets )
  INFO [c6f438b9] Finished in 0.123 seconds with exit status 0 (successful).
  INFO [04275abf] Running /usr/bin/env ln -s /home/deploy/thenewspanel.com/shared/public/assets /home/deploy/thenewspanel.com/releases/20171126200615/public/assets as deploy@96.126.107.94
 DEBUG [04275abf] Command: ( export RBENV_ROOT="$HOME/.rbenv" RBENV_VERSION="2.4.2" ; /usr/bin/env ln -s /home/deploy/thenewspanel.com/shared/public/assets /home/deploy/thenewspanel.com/releases/20171126200615/public/assets )
  INFO [04275abf] Finished in 0.111 seconds with exit status 0 (successful).
 DEBUG [adeaf55d] Running if test ! -d /home/deploy/thenewspanel.com/releases/20171126200615; then echo "Directory does not exist '/home/deploy/thenewspanel.com/releases/20171126200615'" 1>&2; false; fi as deploy@96.126.107.94
 DEBUG [adeaf55d] Command: if test ! -d /home/deploy/thenewspanel.com/releases/20171126200615; then echo "Directory does not exist '/home/deploy/thenewspanel.com/releases/20171126200615'" 1>&2; false; fi
 DEBUG [adeaf55d] Finished in 0.110 seconds with exit status 0 (successful).
 DEBUG [b6a3ae74] Running $HOME/.rbenv/bin/rbenv exec bundle check --path /home/deploy/thenewspanel.com/shared/bundle as deploy@96.126.107.94
 DEBUG [b6a3ae74] Command: cd /home/deploy/thenewspanel.com/releases/20171126200615 && ( export RBENV_ROOT="$HOME/.rbenv" RBENV_VERSION="2.4.2" ; $HOME/.rbenv/bin/rbenv exec bundle check --path /home/deploy/thenewspanel.com/shared/bundle )
 DEBUG [b6a3ae74] 	Your Gemfile lists the gem pg (>= 0) more than once.
You should probably keep only one of them.
While it's not a problem now, it could cause errors if you change the version of one of them later.
 DEBUG [b6a3ae74] 	The following gems are missing
 DEBUG [b6a3ae74] 	 * public_suffix (3.0.0)
 DEBUG [b6a3ae74] 	 * addressable (2.5.2)
 DEBUG [b6a3ae74] 	 * net-ssh (4.2.0)
 DEBUG [b6a3ae74] 	 * net-scp (1.2.1)
 DEBUG [b6a3ae74] 	 * sshkit (1.15.1)
 DEBUG [b6a3ae74] 	 * airbrussh (1.3.0)
 DEBUG [b6a3ae74] 	 * bindex (0.5.0)
 DEBUG [b6a3ae74] 	 * byebug (9.1.0)
 DEBUG [b6a3ae74] 	 * capistrano (3.10.0)
 DEBUG [b6a3ae74] 	 * capistrano-bundler (1.3.0)
 DEBUG [b6a3ae74] 	 * capistrano-rails (1.3.1)
 DEBUG [b6a3ae74] 	 * capistrano-rbenv (2.1.3)
 DEBUG [b6a3ae74] 	 * xpath (2.1.0)
 DEBUG [b6a3ae74] 	 * capybara (2.15.4)
 DEBUG [b6a3ae74] 	 * childprocess (0.8.0)
 DEBUG [b6a3ae74] 	 * ruby_dep (1.5.0)
 DEBUG [b6a3ae74] 	 * listen (3.1.5)
 DEBUG [b6a3ae74] 	 * rubyzip (1.2.1)
 DEBUG [b6a3ae74] 	 * selenium-webdriver (3.7.0)
 DEBUG [b6a3ae74] 	 * spring (2.0.2)
 DEBUG [b6a3ae74] 	 * spring-watcher-listen (2.0.1)
 DEBUG [b6a3ae74] 	 * web-console (3.5.1)
 DEBUG [b6a3ae74] 	Install missing gems with `bundle install`
 DEBUG [b6a3ae74] Finished in 1.693 seconds with exit status 1 (failed).
  INFO [e40bee16] Running $HOME/.rbenv/bin/rbenv exec bundle install --path /home/deploy/thenewspanel.com/shared/bundle --without development test --deployment --quiet as deploy@96.126.107.94
 DEBUG [e40bee16] Command: cd /home/deploy/thenewspanel.com/releases/20171126200615 && ( export RBENV_ROOT="$HOME/.rbenv" RBENV_VERSION="2.4.2" ; $HOME/.rbenv/bin/rbenv exec bundle install --path /home/deploy/thenewspanel.com/shared/bundle --without development test --deployment --quiet )
  INFO [e40bee16] Finished in 1.254 seconds with exit status 0 (successful).
 DEBUG [18dd7a0c] Running if test ! -d /home/deploy/thenewspanel.com/releases/20171126200615; then echo "Directory does not exist '/home/deploy/thenewspanel.com/releases/20171126200615'" 1>&2; false; fi as deploy@96.126.107.94
 DEBUG [18dd7a0c] Command: if test ! -d /home/deploy/thenewspanel.com/releases/20171126200615; then echo "Directory does not exist '/home/deploy/thenewspanel.com/releases/20171126200615'" 1>&2; false; fi
 DEBUG [18dd7a0c] Finished in 0.117 seconds with exit status 0 (successful).
  INFO [1cf2b2b0] Running $HOME/.rbenv/bin/rbenv exec bundle exec rake assets:precompile as deploy@96.126.107.94
 DEBUG [1cf2b2b0] Command: cd /home/deploy/thenewspanel.com/releases/20171126200615 && ( export RBENV_ROOT="$HOME/.rbenv" RBENV_VERSION="2.4.2" RAILS_ENV="production" RAILS_GROUPS="" ; $HOME/.rbenv/bin/rbenv exec bundle exec rake assets:precompile )
 DEBUG [1cf2b2b0] 	/home/deploy/thenewspanel.com/shared/bundle/ruby/2.4.0/gems/bootstrap-sass-3.3.7/lib/bootstrap-sass/version.rb:2: warning: already initialized constant Bootstrap::VERSION
 DEBUG [1cf2b2b0] 	/home/deploy/thenewspanel.com/shared/bundle/ruby/2.4.0/gems/bootstrap-4.0.0.beta2.1/lib/bootstrap/version.rb:2: warning: previous definition of VERSION was here
 DEBUG [1cf2b2b0] 	/home/deploy/thenewspanel.com/shared/bundle/ruby/2.4.0/gems/bootstrap-sass-3.3.7/lib/bootstrap-sass/version.rb:3: warning: already initialized constant Bootstrap::BOOTSTRAP_SHA
 DEBUG [1cf2b2b0] 	/home/deploy/thenewspanel.com/shared/bundle/ruby/2.4.0/gems/bootstrap-4.0.0.beta2.1/lib/bootstrap/version.rb:3: warning: previous definition of BOOTSTRAP_SHA was here
 DEBUG [1cf2b2b0] 	yarn install v1.3.2
 DEBUG [1cf2b2b0] 	warning You are using Node "4.2.6" which is not supported and may encounter bugs or unexpected behavior. Yarn supports the following semver range: "^4.8.0 || ^5.7.0 || ^6.2.2 || >=8.0.0"
 DEBUG [1cf2b2b0] 	info No lockfile found.
 DEBUG [1cf2b2b0] 	[1/4] Resolving packages...
 DEBUG [1cf2b2b0] 	[2/4] Fetching packages...
 DEBUG [1cf2b2b0] 	[3/4] Linking dependencies...
 DEBUG [1cf2b2b0] 	[4/4] Building fresh packages...
 DEBUG [1cf2b2b0] 	info Lockfile not saved, no dependencies.
 DEBUG [1cf2b2b0] 	Done in 0.16s.
  INFO [1cf2b2b0] Finished in 19.744 seconds with exit status 0 (successful).
 DEBUG [d296f394] Running if test ! -d /home/deploy/thenewspanel.com/releases/20171126200615; then echo "Directory does not exist '/home/deploy/thenewspanel.com/releases/20171126200615'" 1>&2; false; fi as deploy@96.126.107.94
 DEBUG [d296f394] Command: if test ! -d /home/deploy/thenewspanel.com/releases/20171126200615; then echo "Directory does not exist '/home/deploy/thenewspanel.com/releases/20171126200615'" 1>&2; false; fi
 DEBUG [d296f394] Finished in 0.119 seconds with exit status 0 (successful).
  INFO [14746636] Running /usr/bin/env mkdir -p /home/deploy/thenewspanel.com/releases/20171126200615/assets_manifest_backup as deploy@96.126.107.94
 DEBUG [14746636] Command: cd /home/deploy/thenewspanel.com/releases/20171126200615 && ( export RBENV_ROOT="$HOME/.rbenv" RBENV_VERSION="2.4.2" ; /usr/bin/env mkdir -p /home/deploy/thenewspanel.com/releases/20171126200615/assets_manifest_backup )
  INFO [14746636] Finished in 0.124 seconds with exit status 0 (successful).
 DEBUG [1f7f50e4] Running /usr/bin/env ls /home/deploy/thenewspanel.com/releases/20171126200615/public/assets/.sprockets-manifest* as deploy@96.126.107.94
 DEBUG [1f7f50e4] Command: cd /home/deploy/thenewspanel.com/releases/20171126200615 && ( export RBENV_ROOT="$HOME/.rbenv" RBENV_VERSION="2.4.2" ; /usr/bin/env ls /home/deploy/thenewspanel.com/releases/20171126200615/public/assets/.sprockets-manifest* )
 DEBUG [1f7f50e4] 	/home/deploy/thenewspanel.com/releases/20171126200615/public/assets/.sprockets-manifest-4df6439d09cd325a85c5a4e1bd7edc3b.json
 DEBUG [1f7f50e4] Finished in 0.143 seconds with exit status 0 (successful).
 DEBUG [ff2eb8e7] Running /usr/bin/env ls /home/deploy/thenewspanel.com/releases/20171126200615/public/assets/.sprockets-manifest* as deploy@96.126.107.94
 DEBUG [ff2eb8e7] Command: cd /home/deploy/thenewspanel.com/releases/20171126200615 && ( export RBENV_ROOT="$HOME/.rbenv" RBENV_VERSION="2.4.2" ; /usr/bin/env ls /home/deploy/thenewspanel.com/releases/20171126200615/public/assets/.sprockets-manifest* )
 DEBUG [ff2eb8e7] 	/home/deploy/thenewspanel.com/releases/20171126200615/public/assets/.sprockets-manifest-4df6439d09cd325a85c5a4e1bd7edc3b.json
 DEBUG [ff2eb8e7] Finished in 0.132 seconds with exit status 0 (successful).
  INFO [1b0af8a8] Running /usr/bin/env cp /home/deploy/thenewspanel.com/releases/20171126200615/public/assets/.sprockets-manifest-4df6439d09cd325a85c5a4e1bd7edc3b.json /home/deploy/thenewspanel.com/releases/20171126200615/assets_manifest_backup as deploy@96.126.107.94
 DEBUG [1b0af8a8] Command: cd /home/deploy/thenewspanel.com/releases/20171126200615 && ( export RBENV_ROOT="$HOME/.rbenv" RBENV_VERSION="2.4.2" ; /usr/bin/env cp /home/deploy/thenewspanel.com/releases/20171126200615/public/assets/.sprockets-manifest-4df6439d09cd325a85c5a4e1bd7edc3b.json /home/deploy/thenewspanel.com/releases/20171126200615/assets_manifest_backup )
  INFO [1b0af8a8] Finished in 0.121 seconds with exit status 0 (successful).
  INFO [deploy:migrate] Run `rake db:migrate`
 DEBUG [cb9846c7] Running if test ! -d /home/deploy/thenewspanel.com/releases/20171126200615; then echo "Directory does not exist '/home/deploy/thenewspanel.com/releases/20171126200615'" 1>&2; false; fi as deploy@96.126.107.94
 DEBUG [cb9846c7] Command: if test ! -d /home/deploy/thenewspanel.com/releases/20171126200615; then echo "Directory does not exist '/home/deploy/thenewspanel.com/releases/20171126200615'" 1>&2; false; fi
 DEBUG [cb9846c7] Finished in 0.122 seconds with exit status 0 (successful).
  INFO [7e8bb6fb] Running $HOME/.rbenv/bin/rbenv exec bundle exec rake db:migrate as deploy@96.126.107.94
 DEBUG [7e8bb6fb] Command: cd /home/deploy/thenewspanel.com/releases/20171126200615 && ( export RBENV_ROOT="$HOME/.rbenv" RBENV_VERSION="2.4.2" RAILS_ENV="production" ; $HOME/.rbenv/bin/rbenv exec bundle exec rake db:migrate )
 DEBUG [7e8bb6fb] 	/home/deploy/thenewspanel.com/shared/bundle/ruby/2.4.0/gems/bootstrap-sass-3.3.7/lib/bootstrap-sass/version.rb:2: warning: already initialized constant Bootstrap::VERSION
 DEBUG [7e8bb6fb] 	/home/deploy/thenewspanel.com/shared/bundle/ruby/2.4.0/gems/bootstrap-4.0.0.beta2.1/lib/bootstrap/version.rb:2: warning: previous definition of VERSION was here
 DEBUG [7e8bb6fb] 	/home/deploy/thenewspanel.com/shared/bundle/ruby/2.4.0/gems/bootstrap-sass-3.3.7/lib/bootstrap-sass/version.rb:3: warning: already initialized constant Bootstrap::BOOTSTRAP_SHA
 DEBUG [7e8bb6fb] 	/home/deploy/thenewspanel.com/shared/bundle/ruby/2.4.0/gems/bootstrap-4.0.0.beta2.1/lib/bootstrap/version.rb:3: warning: previous definition of BOOTSTRAP_SHA was here
 DEBUG [7e8bb6fb] 	rake aborted!
 DEBUG [7e8bb6fb] 	ActiveRecord::NoDatabaseError: FATAL:  database "news_development" does not exist
 DEBUG [7e8bb6fb] 	/home/deploy/thenewspanel.com/shared/bundle/ruby/2.4.0/gems/activerecord-5.1.4/lib/active_record/connection_adapters/postgresql_adapter.rb:699:in `rescue in connect'
/home/deploy/thenewspanel.com/shared/bundle/ruby/2.4.0/gems/activerecord-5.1.4/lib/active_record/connection_adapters/postgresql_adapter.rb:695:in `connect'
/home/deploy/thenewspanel.com/shared/bundle/ruby/2.4.0/gems/activerecord-5.1.4/lib/active_record/connection_adapters/postgresql_adapter.rb:220:in `initialize'
/home/deploy/thenewspanel.com/shared/bundle/ruby/2.4.0/gems/activerecord-5.1.4/lib/active_record/connection_adapters/postgresql_adapter.rb:38:in `new'
/home/deploy/thenewspanel.com/shared/bundle/ruby/2.4.0/gems/activerecord-5.1.4/lib/active_record/connection_adapters/postgresql_adapter.rb:38:in `postgresql_connection'
/home/deploy/thenewspanel.com/shared/bundle/ruby/2.4.0/gems/activerecord-5.1.4/lib/active_record/connection_adapters/abstract/connection_pool.rb:759:in `new_connection'
/home/deploy/thenewspanel.com/shared/bundle/ruby/2.4.0/gems/activerecord-5.1.4/lib/active_record/connection_adapters/abstract/connection_pool.rb:803:in `checkout_new_connection'
/home/deploy/thenewspanel.com/shared/bundle/ruby/2.4.0/gems/activerecord-5.1.4/lib/active_record/connection_adapters/abstract/connection_pool.rb:782:in `try_to_checkout_new_connection'
/home/deploy/thenewspanel.com/shared/bundle/ruby/2.4.0/gems/activerecord-5.1.4/lib/active_record/connection_adapters/abstract/connection_pool.rb:743:in `acquire_connection'
/home/deploy/thenewspanel.com/shared/bundle/ruby/2.4.0/gems/activerecord-5.1.4/lib/active_record/connection_adapters/abstract/connection_pool.rb:500:in `checkout'
/home/deploy/thenewspanel.com/shared/bundle/ruby/2.4.0/gems/activerecord-5.1.4/lib/active_record/connection_adapters/abstract/connection_pool.rb:374:in `connection'
/home/deploy/thenewspanel.com/shared/bundle/ruby/2.4.0/gems/activerecord-5.1.4/lib/active_record/connection_adapters/abstract/connection_pool.rb:931:in `retrieve_connection'
/home/deploy/thenewspanel.com/shared/bundle/ruby/2.4.0/gems/activerecord-5.1.4/lib/active_record/connection_handling.rb:116:in `retrieve_connection'
/home/deploy/thenewspanel.com/shared/bundle/ruby/2.4.0/gems/activerecord-5.1.4/lib/active_record/connection_handling.rb:88:in `connection'
/home/deploy/thenewspanel.com/shared/bundle/ruby/2.4.0/gems/activerecord-5.1.4/lib/active_record/schema_migration.rb:20:in `table_exists?'
/home/deploy/thenewspanel.com/shared/bundle/ruby/2.4.0/gems/activerecord-5.1.4/lib/active_record/schema_migration.rb:24:in `create_table'
/home/deploy/thenewspanel.com/shared/bundle/ruby/2.4.0/gems/activerecord-5.1.4/lib/active_record/migration.rb:1125:in `initialize'
/home/deploy/thenewspanel.com/shared/bundle/ruby/2.4.0/gems/activerecord-5.1.4/lib/active_record/migration.rb:1007:in `new'
/home/deploy/thenewspanel.com/shared/bundle/ruby/2.4.0/gems/activerecord-5.1.4/lib/active_record/migration.rb:1007:in `up'
/home/deploy/thenewspanel.com/shared/bundle/ruby/2.4.0/gems/activerecord-5.1.4/lib/active_record/migration.rb:985:in `migrate'
/home/deploy/thenewspanel.com/shared/bundle/ruby/2.4.0/gems/activerecord-5.1.4/lib/active_record/tasks/database_tasks.rb:171:in `migrate'
/home/deploy/thenewspanel.com/shared/bundle/ruby/2.4.0/gems/activerecord-5.1.4/lib/active_record/railties/databases.rake:58:in `block (2 levels) in <top (required)>'
/home/deploy/thenewspanel.com/shared/bundle/ruby/2.4.0/gems/rake-12.3.0/exe/rake:27:in `<top (required)>'
/home/deploy/.rbenv/versions/2.4.2/bin/bundle:23:in `load'
/home/deploy/.rbenv/versions/2.4.2/bin/bundle:23:in `<main>'
 DEBUG [7e8bb6fb] 	
Caused by:
 DEBUG [7e8bb6fb] 	PG::ConnectionBad: FATAL:  database "news_development" does not exist
 DEBUG [7e8bb6fb] 	/home/deploy/thenewspanel.com/shared/bundle/ruby/2.4.0/gems/pg-0.21.0/lib/pg.rb:56:in `initialize'
/home/deploy/thenewspanel.com/shared/bundle/ruby/2.4.0/gems/pg-0.21.0/lib/pg.rb:56:in `new'
/home/deploy/thenewspanel.com/shared/bundle/ruby/2.4.0/gems/pg-0.21.0/lib/pg.rb:56:in `connect'
/home/deploy/thenewspanel.com/shared/bundle/ruby/2.4.0/gems/activerecord-5.1.4/lib/active_record/connection_adapters/postgresql_adapter.rb:695:in `connect'
/home/deploy/thenewspanel.com/shared/bundle/ruby/2.4.0/gems/activerecord-5.1.4/lib/active_record/connection_adapters/postgresql_adapter.rb:220:in `initialize'
/home/deploy/thenewspanel.com/shared/bundle/ruby/2.4.0/gems/activerecord-5.1.4/lib/active_record/connection_adapters/postgresql_adapter.rb:38:in `new'
/home/deploy/thenewspanel.com/shared/bundle/ruby/2.4.0/gems/activerecord-5.1.4/lib/active_record/connection_adapters/postgresql_adapter.rb:38:in `postgresql_connection'
/home/deploy/thenewspanel.com/shared/bundle/ruby/2.4.0/gems/activerecord-5.1.4/lib/active_record/connection_adapters/abstract/connection_pool.rb:759:in `new_connection'
/home/deploy/thenewspanel.com/shared/bundle/ruby/2.4.0/gems/activerecord-5.1.4/lib/active_record/connection_adapters/abstract/connection_pool.rb:803:in `checkout_new_connection'
/home/deploy/thenewspanel.com/shared/bundle/ruby/2.4.0/gems/activerecord-5.1.4/lib/active_record/connection_adapters/abstract/connection_pool.rb:782:in `try_to_checkout_new_connection'
/home/deploy/thenewspanel.com/shared/bundle/ruby/2.4.0/gems/activerecord-5.1.4/lib/active_record/connection_adapters/abstract/connection_pool.rb:743:in `acquire_connection'
/home/deploy/thenewspanel.com/shared/bundle/ruby/2.4.0/gems/activerecord-5.1.4/lib/active_record/connection_adapters/abstract/connection_pool.rb:500:in `checkout'
/home/deploy/thenewspanel.com/shared/bundle/ruby/2.4.0/gems/activerecord-5.1.4/lib/active_record/connection_adapters/abstract/connection_pool.rb:374:in `connection'
/home/deploy/thenewspanel.com/shared/bundle/ruby/2.4.0/gems/activerecord-5.1.4/lib/active_record/connection_adapters/abstract/connection_pool.rb:931:in `retrieve_connection'
/home/deploy/thenewspanel.com/shared/bundle/ruby/2.4.0/gems/activerecord-5.1.4/lib/active_record/connection_handling.rb:116:in `retrieve_connection'
/home/deploy/thenewspanel.com/shared/bundle/ruby/2.4.0/gems/activerecord-5.1.4/lib/active_record/connection_handling.rb:88:in `connection'
/home/deploy/thenewspanel.com/shared/bundle/ruby/2.4.0/gems/activerecord-5.1.4/lib/active_record/schema_migration.rb:20:in `table_exists?'
/home/deploy/thenewspanel.com/shared/bundle/ruby/2.4.0/gems/activerecord-5.1.4/lib/active_record/schema_migration.rb:24:in `create_table'
/home/deploy/thenewspanel.com/shared/bundle/ruby/2.4.0/gems/activerecord-5.1.4/lib/active_record/migration.rb:1125:in `initialize'
/home/deploy/thenewspanel.com/shared/bundle/ruby/2.4.0/gems/activerecord-5.1.4/lib/active_record/migration.rb:1007:in `new'
/home/deploy/thenewspanel.com/shared/bundle/ruby/2.4.0/gems/activerecord-5.1.4/lib/active_record/migration.rb:1007:in `up'
/home/deploy/thenewspanel.com/shared/bundle/ruby/2.4.0/gems/activerecord-5.1.4/lib/active_record/migration.rb:985:in `migrate'
/home/deploy/thenewspanel.com/shared/bundle/ruby/2.4.0/gems/activerecord-5.1.4/lib/active_record/tasks/database_tasks.rb:171:in `migrate'
/home/deploy/thenewspanel.com/shared/bundle/ruby/2.4.0/gems/activerecord-5.1.4/lib/active_record/railties/databases.rake:58:in `block (2 levels) in <top (required)>'
/home/deploy/thenewspanel.com/shared/bundle/ruby/2.4.0/gems/rake-12.3.0/exe/rake:27:in `<top (required)>'
/home/deploy/.rbenv/versions/2.4.2/bin/bundle:23:in `load'
/home/deploy/.rbenv/versions/2.4.2/bin/bundle:23:in `<main>'
 DEBUG [7e8bb6fb] 	Tasks: TOP => db:migrate
 DEBUG [7e8bb6fb] 	(See full trace by running task with --trace)
